[2025-12-17 17:49:49] local.ERROR: The C:\Users\zucks\OneDrive\Área de Trabalho\OdontoFlow\odontoflow\backend\bootstrap\cache directory must be present and writable. {"exception":"[object] (Exception(code: 0): The C:\\Users\\zucks\\OneDrive\\Área de Trabalho\\OdontoFlow\\odontoflow\\backend\\bootstrap\\cache directory must be present and writable. at C:\\Users\\zucks\\OneDrive\\Área de Trabalho\\OdontoFlow\\odontoflow\\backend\\vendor\\laravel\\framework\\src\\Illuminate\\Foundation\\PackageManifest.php:179)
[stacktrace]
#0 C:\\Users\\zucks\\OneDrive\\Área de Trabalho\\OdontoFlow\\odontoflow\\backend\\vendor\\laravel\\framework\\src\\Illuminate\\Foundation\\PackageManifest.php(132): Illuminate\\Foundation\\PackageManifest->write(Array)
#1 C:\\Users\\zucks\\OneDrive\\Área de Trabalho\\OdontoFlow\\odontoflow\\backend\\vendor\\laravel\\framework\\src\\Illuminate\\Foundation\\PackageManifest.php(108): Illuminate\\Foundation\\PackageManifest->build()
#2 C:\\Users\\zucks\\OneDrive\\Área de Trabalho\\OdontoFlow\\odontoflow\\backend\\vendor\\laravel\\framework\\src\\Illuminate\\Foundation\\PackageManifest.php(91): Illuminate\\Foundation\\PackageManifest->getManifest()
#3 C:\\Users\\zucks\\OneDrive\\Área de Trabalho\\OdontoFlow\\odontoflow\\backend\\vendor\\laravel\\framework\\src\\Illuminate\\Foundation\\PackageManifest.php(80): Illuminate\\Foundation\\PackageManifest->config('aliases')
#4 C:\\Users\\zucks\\OneDrive\\Área de Trabalho\\OdontoFlow\\odontoflow\\backend\\vendor\\laravel\\framework\\src\\Illuminate\\Foundation\\Bootstrap\\RegisterFacades.php(26): Illuminate\\Foundation\\PackageManifest->aliases()
#5 C:\\Users\\zucks\\OneDrive\\Área de Trabalho\\OdontoFlow\\odontoflow\\backend\\vendor\\laravel\\framework\\src\\Illuminate\\Foundation\\Application.php(342): Illuminate\\Foundation\\Bootstrap\\RegisterFacades->bootstrap(Object(Illuminate\\Foundation\\Application))
#6 C:\\Users\\zucks\\OneDrive\\Área de Trabalho\\OdontoFlow\\odontoflow\\backend\\vendor\\laravel\\framework\\src\\Illuminate\\Foundation\\Console\\Kernel.php(474): Illuminate\\Foundation\\Application->bootstrapWith(Array)
#7 C:\\Users\\zucks\\OneDrive\\Área de Trabalho\\OdontoFlow\\odontoflow\\backend\\vendor\\laravel\\framework\\src\\Illuminate\\Foundation\\Console\\Kernel.php(196): Illuminate\\Foundation\\Console\\Kernel->bootstrap()
#8 C:\\Users\\zucks\\OneDrive\\Área de Trabalho\\OdontoFlow\\odontoflow\\backend\\artisan(12): Illuminate\\Foundation\\Console\\Kernel->handle(Object(Symfony\\Component\\Console\\Input\\ArgvInput), Object(Symfony\\Component\\Console\\Output\\ConsoleOutput))
#9 {main}
"} 
[2025-12-17 17:50:03] local.ERROR: The C:\Users\zucks\OneDrive\Área de Trabalho\OdontoFlow\odontoflow\backend\bootstrap\cache directory must be present and writable. {"exception":"[object] (Exception(code: 0): The C:\\Users\\zucks\\OneDrive\\Área de Trabalho\\OdontoFlow\\odontoflow\\backend\\bootstrap\\cache directory must be present and writable. at C:\\Users\\zucks\\OneDrive\\Área de Trabalho\\OdontoFlow\\odontoflow\\backend\\vendor\\laravel\\framework\\src\\Illuminate\\Foundation\\PackageManifest.php:179)
[stacktrace]
#0 C:\\Users\\zucks\\OneDrive\\Área de Trabalho\\OdontoFlow\\odontoflow\\backend\\vendor\\laravel\\framework\\src\\Illuminate\\Foundation\\PackageManifest.php(132): Illuminate\\Foundation\\PackageManifest->write(Array)
#1 C:\\Users\\zucks\\OneDrive\\Área de Trabalho\\OdontoFlow\\odontoflow\\backend\\vendor\\laravel\\framework\\src\\Illuminate\\Foundation\\PackageManifest.php(108): Illuminate\\Foundation\\PackageManifest->build()
#2 C:\\Users\\zucks\\OneDrive\\Área de Trabalho\\OdontoFlow\\odontoflow\\backend\\vendor\\laravel\\framework\\src\\Illuminate\\Foundation\\PackageManifest.php(91): Illuminate\\Foundation\\PackageManifest->getManifest()
#3 C:\\Users\\zucks\\OneDrive\\Área de Trabalho\\OdontoFlow\\odontoflow\\backend\\vendor\\laravel\\framework\\src\\Illuminate\\Foundation\\PackageManifest.php(80): Illuminate\\Foundation\\PackageManifest->config('aliases')
#4 C:\\Users\\zucks\\OneDrive\\Área de Trabalho\\OdontoFlow\\odontoflow\\backend\\vendor\\laravel\\framework\\src\\Illuminate\\Foundation\\Bootstrap\\RegisterFacades.php(26): Illuminate\\Foundation\\PackageManifest->aliases()
#5 C:\\Users\\zucks\\OneDrive\\Área de Trabalho\\OdontoFlow\\odontoflow\\backend\\vendor\\laravel\\framework\\src\\Illuminate\\Foundation\\Application.php(342): Illuminate\\Foundation\\Bootstrap\\RegisterFacades->bootstrap(Object(Illuminate\\Foundation\\Application))
#6 C:\\Users\\zucks\\OneDrive\\Área de Trabalho\\OdontoFlow\\odontoflow\\backend\\vendor\\laravel\\framework\\src\\Illuminate\\Foundation\\Console\\Kernel.php(474): Illuminate\\Foundation\\Application->bootstrapWith(Array)
#7 C:\\Users\\zucks\\OneDrive\\Área de Trabalho\\OdontoFlow\\odontoflow\\backend\\vendor\\laravel\\framework\\src\\Illuminate\\Foundation\\Console\\Kernel.php(196): Illuminate\\Foundation\\Console\\Kernel->bootstrap()
#8 C:\\Users\\zucks\\OneDrive\\Área de Trabalho\\OdontoFlow\\odontoflow\\backend\\artisan(12): Illuminate\\Foundation\\Console\\Kernel->handle(Object(Symfony\\Component\\Console\\Input\\ArgvInput), Object(Symfony\\Component\\Console\\Output\\ConsoleOutput))
#9 {main}
"} 
[2025-12-18 10:46:14] local.ERROR: The C:\Users\zucks\OneDrive\Área de Trabalho\OdontoFlow\odontoflow\backend\bootstrap\cache directory must be present and writable. {"exception":"[object] (Exception(code: 0): The C:\\Users\\zucks\\OneDrive\\Área de Trabalho\\OdontoFlow\\odontoflow\\backend\\bootstrap\\cache directory must be present and writable. at C:\\Users\\zucks\\OneDrive\\Área de Trabalho\\OdontoFlow\\odontoflow\\backend\\vendor\\laravel\\framework\\src\\Illuminate\\Foundation\\PackageManifest.php:179)
[stacktrace]
#0 C:\\Users\\zucks\\OneDrive\\Área de Trabalho\\OdontoFlow\\odontoflow\\backend\\vendor\\laravel\\framework\\src\\Illuminate\\Foundation\\PackageManifest.php(132): Illuminate\\Foundation\\PackageManifest->write(Array)
#1 C:\\Users\\zucks\\OneDrive\\Área de Trabalho\\OdontoFlow\\odontoflow\\backend\\vendor\\laravel\\framework\\src\\Illuminate\\Foundation\\PackageManifest.php(108): Illuminate\\Foundation\\PackageManifest->build()
#2 C:\\Users\\zucks\\OneDrive\\Área de Trabalho\\OdontoFlow\\odontoflow\\backend\\vendor\\laravel\\framework\\src\\Illuminate\\Foundation\\PackageManifest.php(91): Illuminate\\Foundation\\PackageManifest->getManifest()
#3 C:\\Users\\zucks\\OneDrive\\Área de Trabalho\\OdontoFlow\\odontoflow\\backend\\vendor\\laravel\\framework\\src\\Illuminate\\Foundation\\PackageManifest.php(80): Illuminate\\Foundation\\PackageManifest->config('aliases')
#4 C:\\Users\\zucks\\OneDrive\\Área de Trabalho\\OdontoFlow\\odontoflow\\backend\\vendor\\laravel\\framework\\src\\Illuminate\\Foundation\\Bootstrap\\RegisterFacades.php(26): Illuminate\\Foundation\\PackageManifest->aliases()
#5 C:\\Users\\zucks\\OneDrive\\Área de Trabalho\\OdontoFlow\\odontoflow\\backend\\vendor\\laravel\\framework\\src\\Illuminate\\Foundation\\Application.php(342): Illuminate\\Foundation\\Bootstrap\\RegisterFacades->bootstrap(Object(Illuminate\\Foundation\\Application))
#6 C:\\Users\\zucks\\OneDrive\\Área de Trabalho\\OdontoFlow\\odontoflow\\backend\\vendor\\laravel\\framework\\src\\Illuminate\\Foundation\\Console\\Kernel.php(474): Illuminate\\Foundation\\Application->bootstrapWith(Array)
#7 C:\\Users\\zucks\\OneDrive\\Área de Trabalho\\OdontoFlow\\odontoflow\\backend\\vendor\\laravel\\framework\\src\\Illuminate\\Foundation\\Console\\Kernel.php(196): Illuminate\\Foundation\\Console\\Kernel->bootstrap()
#8 C:\\Users\\zucks\\OneDrive\\Área de Trabalho\\OdontoFlow\\odontoflow\\backend\\artisan(12): Illuminate\\Foundation\\Console\\Kernel->handle(Object(Symfony\\Component\\Console\\Input\\ArgvInput), Object(Symfony\\Component\\Console\\Output\\ConsoleOutput))
#9 {main}
"} 
[2025-12-18 11:23:47] local.ERROR: could not find driver (Connection: pgsql, SQL: select exists (select 1 from pg_class c, pg_namespace n where n.nspname = 'public' and c.relname = 'migrations' and c.relkind in ('r', 'p') and n.oid = c.relnamespace)) {"exception":"[object] (Illuminate\\Database\\QueryException(code: 0): could not find driver (Connection: pgsql, SQL: select exists (select 1 from pg_class c, pg_namespace n where n.nspname = 'public' and c.relname = 'migrations' and c.relkind in ('r', 'p') and n.oid = c.relnamespace)) at C:\\Users\\zucks\\OneDrive\\Área de Trabalho\\OdontoFlow\\odontoflow\\backend\\vendor\\laravel\\framework\\src\\Illuminate\\Database\\Connection.php:825)
[stacktrace]
#0 C:\\Users\\zucks\\OneDrive\\Área de Trabalho\\OdontoFlow\\odontoflow\\backend\\vendor\\laravel\\framework\\src\\Illuminate\\Database\\Connection.php(779): Illuminate\\Database\\Connection->runQueryCallback('select exists (...', Array, Object(Closure))
#1 C:\\Users\\zucks\\OneDrive\\Área de Trabalho\\OdontoFlow\\odontoflow\\backend\\vendor\\laravel\\framework\\src\\Illuminate\\Database\\Connection.php(398): Illuminate\\Database\\Connection->run('select exists (...', Array, Object(Closure))
#2 C:\\Users\\zucks\\OneDrive\\Área de Trabalho\\OdontoFlow\\odontoflow\\backend\\vendor\\laravel\\framework\\src\\Illuminate\\Database\\Connection.php(344): Illuminate\\Database\\Connection->select('select exists (...', Array, true)
#3 C:\\Users\\zucks\\OneDrive\\Área de Trabalho\\OdontoFlow\\odontoflow\\backend\\vendor\\laravel\\framework\\src\\Illuminate\\Database\\Connection.php(361): Illuminate\\Database\\Connection->selectOne('select exists (...', Array, true)
#4 C:\\Users\\zucks\\OneDrive\\Área de Trabalho\\OdontoFlow\\odontoflow\\backend\\vendor\\laravel\\framework\\src\\Illuminate\\Database\\Schema\\PostgresBuilder.php(52): Illuminate\\Database\\Connection->scalar('select exists (...')
#5 C:\\Users\\zucks\\OneDrive\\Área de Trabalho\\OdontoFlow\\odontoflow\\backend\\vendor\\laravel\\framework\\src\\Illuminate\\Database\\Migrations\\DatabaseMigrationRepository.php(184): Illuminate\\Database\\Schema\\PostgresBuilder->hasTable('migrations')
#6 C:\\Users\\zucks\\OneDrive\\Área de Trabalho\\OdontoFlow\\odontoflow\\backend\\vendor\\laravel\\framework\\src\\Illuminate\\Database\\Migrations\\Migrator.php(742): Illuminate\\Database\\Migrations\\DatabaseMigrationRepository->repositoryExists()
#7 C:\\Users\\zucks\\OneDrive\\Área de Trabalho\\OdontoFlow\\odontoflow\\backend\\vendor\\laravel\\framework\\src\\Illuminate\\Database\\Console\\Migrations\\MigrateCommand.php(165): Illuminate\\Database\\Migrations\\Migrator->repositoryExists()
#8 C:\\Users\\zucks\\OneDrive\\Área de Trabalho\\OdontoFlow\\odontoflow\\backend\\vendor\\laravel\\framework\\src\\Illuminate\\Support\\helpers.php(338): Illuminate\\Database\\Console\\Migrations\\MigrateCommand->Illuminate\\Database\\Console\\Migrations\\{closure}(1)
#9 C:\\Users\\zucks\\OneDrive\\Área de Trabalho\\OdontoFlow\\odontoflow\\backend\\vendor\\laravel\\framework\\src\\Illuminate\\Database\\Console\\Migrations\\MigrateCommand.php(165): retry(1, Object(Closure), 0, Object(Closure))
#10 C:\\Users\\zucks\\OneDrive\\Área de Trabalho\\OdontoFlow\\odontoflow\\backend\\vendor\\laravel\\framework\\src\\Illuminate\\Database\\Console\\Migrations\\MigrateCommand.php(141): Illuminate\\Database\\Console\\Migrations\\MigrateCommand->repositoryExists()
#11 C:\\Users\\zucks\\OneDrive\\Área de Trabalho\\OdontoFlow\\odontoflow\\backend\\vendor\\laravel\\framework\\src\\Illuminate\\Database\\Console\\Migrations\\MigrateCommand.php(111): Illuminate\\Database\\Console\\Migrations\\MigrateCommand->prepareDatabase()
#12 C:\\Users\\zucks\\OneDrive\\Área de Trabalho\\OdontoFlow\\odontoflow\\backend\\vendor\\laravel\\framework\\src\\Illuminate\\Database\\Migrations\\Migrator.php(658): Illuminate\\Database\\Console\\Migrations\\MigrateCommand->Illuminate\\Database\\Console\\Migrations\\{closure}()
#13 C:\\Users\\zucks\\OneDrive\\Área de Trabalho\\OdontoFlow\\odontoflow\\backend\\vendor\\laravel\\framework\\src\\Illuminate\\Database\\Console\\Migrations\\MigrateCommand.php(110): Illuminate\\Database\\Migrations\\Migrator->usingConnection(NULL, Object(Closure))
#14 C:\\Users\\zucks\\OneDrive\\Área de Trabalho\\OdontoFlow\\odontoflow\\backend\\vendor\\laravel\\framework\\src\\Illuminate\\Database\\Console\\Migrations\\MigrateCommand.php(89): Illuminate\\Database\\Console\\Migrations\\MigrateCommand->runMigrations()
#15 C:\\Users\\zucks\\OneDrive\\Área de Trabalho\\OdontoFlow\\odontoflow\\backend\\vendor\\laravel\\framework\\src\\Illuminate\\Container\\BoundMethod.php(36): Illuminate\\Database\\Console\\Migrations\\MigrateCommand->handle()
#16 C:\\Users\\zucks\\OneDrive\\Área de Trabalho\\OdontoFlow\\odontoflow\\backend\\vendor\\laravel\\framework\\src\\Illuminate\\Container\\Util.php(43): Illuminate\\Container\\BoundMethod::Illuminate\\Container\\{closure}()
#17 C:\\Users\\zucks\\OneDrive\\Área de Trabalho\\OdontoFlow\\odontoflow\\backend\\vendor\\laravel\\framework\\src\\Illuminate\\Container\\BoundMethod.php(95): Illuminate\\Container\\Util::unwrapIfClosure(Object(Closure))
#18 C:\\Users\\zucks\\OneDrive\\Área de Trabalho\\OdontoFlow\\odontoflow\\backend\\vendor\\laravel\\framework\\src\\Illuminate\\Container\\BoundMethod.php(35): Illuminate\\Container\\BoundMethod::callBoundMethod(Object(Illuminate\\Foundation\\Application), Array, Object(Closure))
#19 C:\\Users\\zucks\\OneDrive\\Área de Trabalho\\OdontoFlow\\odontoflow\\backend\\vendor\\laravel\\framework\\src\\Illuminate\\Container\\Container.php(696): Illuminate\\Container\\BoundMethod::call(Object(Illuminate\\Foundation\\Application), Array, Array, NULL)
#20 C:\\Users\\zucks\\OneDrive\\Área de Trabalho\\OdontoFlow\\odontoflow\\backend\\vendor\\laravel\\framework\\src\\Illuminate\\Console\\Command.php(213): Illuminate\\Container\\Container->call(Array)
#21 C:\\Users\\zucks\\OneDrive\\Área de Trabalho\\OdontoFlow\\odontoflow\\backend\\vendor\\symfony\\console\\Command\\Command.php(341): Illuminate\\Console\\Command->execute(Object(Symfony\\Component\\Console\\Input\\ArgvInput), Object(Illuminate\\Console\\OutputStyle))
#22 C:\\Users\\zucks\\OneDrive\\Área de Trabalho\\OdontoFlow\\odontoflow\\backend\\vendor\\laravel\\framework\\src\\Illuminate\\Console\\Command.php(182): Symfony\\Component\\Console\\Command\\Command->run(Object(Symfony\\Component\\Console\\Input\\ArgvInput), Object(Illuminate\\Console\\OutputStyle))
#23 C:\\Users\\zucks\\OneDrive\\Área de Trabalho\\OdontoFlow\\odontoflow\\backend\\vendor\\symfony\\console\\Application.php(1102): Illuminate\\Console\\Command->run(Object(Symfony\\Component\\Console\\Input\\ArgvInput), Object(Symfony\\Component\\Console\\Output\\ConsoleOutput))
#24 C:\\Users\\zucks\\OneDrive\\Área de Trabalho\\OdontoFlow\\odontoflow\\backend\\vendor\\symfony\\console\\Application.php(356): Symfony\\Component\\Console\\Application->doRunCommand(Object(Illuminate\\Database\\Console\\Migrations\\MigrateCommand), Object(Symfony\\Component\\Console\\Input\\ArgvInput), Object(Symfony\\Component\\Console\\Output\\ConsoleOutput))
#25 C:\\Users\\zucks\\OneDrive\\Área de Trabalho\\OdontoFlow\\odontoflow\\backend\\vendor\\symfony\\console\\Application.php(195): Symfony\\Component\\Console\\Application->doRun(Object(Symfony\\Component\\Console\\Input\\ArgvInput), Object(Symfony\\Component\\Console\\Output\\ConsoleOutput))
#26 C:\\Users\\zucks\\OneDrive\\Área de Trabalho\\OdontoFlow\\odontoflow\\backend\\vendor\\laravel\\framework\\src\\Illuminate\\Foundation\\Console\\Kernel.php(198): Symfony\\Component\\Console\\Application->run(Object(Symfony\\Component\\Console\\Input\\ArgvInput), Object(Symfony\\Component\\Console\\Output\\ConsoleOutput))
#27 C:\\Users\\zucks\\OneDrive\\Área de Trabalho\\OdontoFlow\\odontoflow\\backend\\artisan(12): Illuminate\\Foundation\\Console\\Kernel->handle(Object(Symfony\\Component\\Console\\Input\\ArgvInput), Object(Symfony\\Component\\Console\\Output\\ConsoleOutput))
#28 {main}

[previous exception] [object] (PDOException(code: 0): could not find driver at C:\\Users\\zucks\\OneDrive\\Área de Trabalho\\OdontoFlow\\odontoflow\\backend\\vendor\\laravel\\framework\\src\\Illuminate\\Database\\Connectors\\Connector.php:66)
[stacktrace]
#0 C:\\Users\\zucks\\OneDrive\\Área de Trabalho\\OdontoFlow\\odontoflow\\backend\\vendor\\laravel\\framework\\src\\Illuminate\\Database\\Connectors\\Connector.php(66): PDO->__construct('pgsql:host=127....', 'postgres', Object(SensitiveParameterValue), Array)
#1 C:\\Users\\zucks\\OneDrive\\Área de Trabalho\\OdontoFlow\\odontoflow\\backend\\vendor\\laravel\\framework\\src\\Illuminate\\Database\\Connectors\\Connector.php(44): Illuminate\\Database\\Connectors\\Connector->createPdoConnection('pgsql:host=127....', 'postgres', Object(SensitiveParameterValue), Array)
#2 C:\\Users\\zucks\\OneDrive\\Área de Trabalho\\OdontoFlow\\odontoflow\\backend\\vendor\\laravel\\framework\\src\\Illuminate\\Database\\Connectors\\PostgresConnector.php(35): Illuminate\\Database\\Connectors\\Connector->createConnection('pgsql:host=127....', Array, Array)
#3 C:\\Users\\zucks\\OneDrive\\Área de Trabalho\\OdontoFlow\\odontoflow\\backend\\vendor\\laravel\\framework\\src\\Illuminate\\Database\\Connectors\\ConnectionFactory.php(185): Illuminate\\Database\\Connectors\\PostgresConnector->connect(Array)
#4 [internal function]: Illuminate\\Database\\Connectors\\ConnectionFactory->Illuminate\\Database\\Connectors\\{closure}()
#5 C:\\Users\\zucks\\OneDrive\\Área de Trabalho\\OdontoFlow\\odontoflow\\backend\\vendor\\laravel\\framework\\src\\Illuminate\\Database\\Connection.php(1231): call_user_func(Object(Closure))
#6 C:\\Users\\zucks\\OneDrive\\Área de Trabalho\\OdontoFlow\\odontoflow\\backend\\vendor\\laravel\\framework\\src\\Illuminate\\Database\\Connection.php(1267): Illuminate\\Database\\Connection->getPdo()
#7 C:\\Users\\zucks\\OneDrive\\Área de Trabalho\\OdontoFlow\\odontoflow\\backend\\vendor\\laravel\\framework\\src\\Illuminate\\Database\\Connection.php(512): Illuminate\\Database\\Connection->getReadPdo()
#8 C:\\Users\\zucks\\OneDrive\\Área de Trabalho\\OdontoFlow\\odontoflow\\backend\\vendor\\laravel\\framework\\src\\Illuminate\\Database\\Connection.php(407): Illuminate\\Database\\Connection->getPdoForSelect(true)
#9 C:\\Users\\zucks\\OneDrive\\Área de Trabalho\\OdontoFlow\\odontoflow\\backend\\vendor\\laravel\\framework\\src\\Illuminate\\Database\\Connection.php(812): Illuminate\\Database\\Connection->Illuminate\\Database\\{closure}('select exists (...', Array)
#10 C:\\Users\\zucks\\OneDrive\\Área de Trabalho\\OdontoFlow\\odontoflow\\backend\\vendor\\laravel\\framework\\src\\Illuminate\\Database\\Connection.php(779): Illuminate\\Database\\Connection->runQueryCallback('select exists (...', Array, Object(Closure))
#11 C:\\Users\\zucks\\OneDrive\\Área de Trabalho\\OdontoFlow\\odontoflow\\backend\\vendor\\laravel\\framework\\src\\Illuminate\\Database\\Connection.php(398): Illuminate\\Database\\Connection->run('select exists (...', Array, Object(Closure))
#12 C:\\Users\\zucks\\OneDrive\\Área de Trabalho\\OdontoFlow\\odontoflow\\backend\\vendor\\laravel\\framework\\src\\Illuminate\\Database\\Connection.php(344): Illuminate\\Database\\Connection->select('select exists (...', Array, true)
#13 C:\\Users\\zucks\\OneDrive\\Área de Trabalho\\OdontoFlow\\odontoflow\\backend\\vendor\\laravel\\framework\\src\\Illuminate\\Database\\Connection.php(361): Illuminate\\Database\\Connection->selectOne('select exists (...', Array, true)
#14 C:\\Users\\zucks\\OneDrive\\Área de Trabalho\\OdontoFlow\\odontoflow\\backend\\vendor\\laravel\\framework\\src\\Illuminate\\Database\\Schema\\PostgresBuilder.php(52): Illuminate\\Database\\Connection->scalar('select exists (...')
#15 C:\\Users\\zucks\\OneDrive\\Área de Trabalho\\OdontoFlow\\odontoflow\\backend\\vendor\\laravel\\framework\\src\\Illuminate\\Database\\Migrations\\DatabaseMigrationRepository.php(184): Illuminate\\Database\\Schema\\PostgresBuilder->hasTable('migrations')
#16 C:\\Users\\zucks\\OneDrive\\Área de Trabalho\\OdontoFlow\\odontoflow\\backend\\vendor\\laravel\\framework\\src\\Illuminate\\Database\\Migrations\\Migrator.php(742): Illuminate\\Database\\Migrations\\DatabaseMigrationRepository->repositoryExists()
#17 C:\\Users\\zucks\\OneDrive\\Área de Trabalho\\OdontoFlow\\odontoflow\\backend\\vendor\\laravel\\framework\\src\\Illuminate\\Database\\Console\\Migrations\\MigrateCommand.php(165): Illuminate\\Database\\Migrations\\Migrator->repositoryExists()
#18 C:\\Users\\zucks\\OneDrive\\Área de Trabalho\\OdontoFlow\\odontoflow\\backend\\vendor\\laravel\\framework\\src\\Illuminate\\Support\\helpers.php(338): Illuminate\\Database\\Console\\Migrations\\MigrateCommand->Illuminate\\Database\\Console\\Migrations\\{closure}(1)
#19 C:\\Users\\zucks\\OneDrive\\Área de Trabalho\\OdontoFlow\\odontoflow\\backend\\vendor\\laravel\\framework\\src\\Illuminate\\Database\\Console\\Migrations\\MigrateCommand.php(165): retry(1, Object(Closure), 0, Object(Closure))
#20 C:\\Users\\zucks\\OneDrive\\Área de Trabalho\\OdontoFlow\\odontoflow\\backend\\vendor\\laravel\\framework\\src\\Illuminate\\Database\\Console\\Migrations\\MigrateCommand.php(141): Illuminate\\Database\\Console\\Migrations\\MigrateCommand->repositoryExists()
#21 C:\\Users\\zucks\\OneDrive\\Área de Trabalho\\OdontoFlow\\odontoflow\\backend\\vendor\\laravel\\framework\\src\\Illuminate\\Database\\Console\\Migrations\\MigrateCommand.php(111): Illuminate\\Database\\Console\\Migrations\\MigrateCommand->prepareDatabase()
#22 C:\\Users\\zucks\\OneDrive\\Área de Trabalho\\OdontoFlow\\odontoflow\\backend\\vendor\\laravel\\framework\\src\\Illuminate\\Database\\Migrations\\Migrator.php(658): Illuminate\\Database\\Console\\Migrations\\MigrateCommand->Illuminate\\Database\\Console\\Migrations\\{closure}()
#23 C:\\Users\\zucks\\OneDrive\\Área de Trabalho\\OdontoFlow\\odontoflow\\backend\\vendor\\laravel\\framework\\src\\Illuminate\\Database\\Console\\Migrations\\MigrateCommand.php(110): Illuminate\\Database\\Migrations\\Migrator->usingConnection(NULL, Object(Closure))
#24 C:\\Users\\zucks\\OneDrive\\Área de Trabalho\\OdontoFlow\\odontoflow\\backend\\vendor\\laravel\\framework\\src\\Illuminate\\Database\\Console\\Migrations\\MigrateCommand.php(89): Illuminate\\Database\\Console\\Migrations\\MigrateCommand->runMigrations()
#25 C:\\Users\\zucks\\OneDrive\\Área de Trabalho\\OdontoFlow\\odontoflow\\backend\\vendor\\laravel\\framework\\src\\Illuminate\\Container\\BoundMethod.php(36): Illuminate\\Database\\Console\\Migrations\\MigrateCommand->handle()
#26 C:\\Users\\zucks\\OneDrive\\Área de Trabalho\\OdontoFlow\\odontoflow\\backend\\vendor\\laravel\\framework\\src\\Illuminate\\Container\\Util.php(43): Illuminate\\Container\\BoundMethod::Illuminate\\Container\\{closure}()
#27 C:\\Users\\zucks\\OneDrive\\Área de Trabalho\\OdontoFlow\\odontoflow\\backend\\vendor\\laravel\\framework\\src\\Illuminate\\Container\\BoundMethod.php(95): Illuminate\\Container\\Util::unwrapIfClosure(Object(Closure))
#28 C:\\Users\\zucks\\OneDrive\\Área de Trabalho\\OdontoFlow\\odontoflow\\backend\\vendor\\laravel\\framework\\src\\Illuminate\\Container\\BoundMethod.php(35): Illuminate\\Container\\BoundMethod::callBoundMethod(Object(Illuminate\\Foundation\\Application), Array, Object(Closure))
#29 C:\\Users\\zucks\\OneDrive\\Área de Trabalho\\OdontoFlow\\odontoflow\\backend\\vendor\\laravel\\framework\\src\\Illuminate\\Container\\Container.php(696): Illuminate\\Container\\BoundMethod::call(Object(Illuminate\\Foundation\\Application), Array, Array, NULL)
#30 C:\\Users\\zucks\\OneDrive\\Área de Trabalho\\OdontoFlow\\odontoflow\\backend\\vendor\\laravel\\framework\\src\\Illuminate\\Console\\Command.php(213): Illuminate\\Container\\Container->call(Array)
#31 C:\\Users\\zucks\\OneDrive\\Área de Trabalho\\OdontoFlow\\odontoflow\\backend\\vendor\\symfony\\console\\Command\\Command.php(341): Illuminate\\Console\\Command->execute(Object(Symfony\\Component\\Console\\Input\\ArgvInput), Object(Illuminate\\Console\\OutputStyle))
#32 C:\\Users\\zucks\\OneDrive\\Área de Trabalho\\OdontoFlow\\odontoflow\\backend\\vendor\\laravel\\framework\\src\\Illuminate\\Console\\Command.php(182): Symfony\\Component\\Console\\Command\\Command->run(Object(Symfony\\Component\\Console\\Input\\ArgvInput), Object(Illuminate\\Console\\OutputStyle))
#33 C:\\Users\\zucks\\OneDrive\\Área de Trabalho\\OdontoFlow\\odontoflow\\backend\\vendor\\symfony\\console\\Application.php(1102): Illuminate\\Console\\Command->run(Object(Symfony\\Component\\Console\\Input\\ArgvInput), Object(Symfony\\Component\\Console\\Output\\ConsoleOutput))
#34 C:\\Users\\zucks\\OneDrive\\Área de Trabalho\\OdontoFlow\\odontoflow\\backend\\vendor\\symfony\\console\\Application.php(356): Symfony\\Component\\Console\\Application->doRunCommand(Object(Illuminate\\Database\\Console\\Migrations\\MigrateCommand), Object(Symfony\\Component\\Console\\Input\\ArgvInput), Object(Symfony\\Component\\Console\\Output\\ConsoleOutput))
#35 C:\\Users\\zucks\\OneDrive\\Área de Trabalho\\OdontoFlow\\odontoflow\\backend\\vendor\\symfony\\console\\Application.php(195): Symfony\\Component\\Console\\Application->doRun(Object(Symfony\\Component\\Console\\Input\\ArgvInput), Object(Symfony\\Component\\Console\\Output\\ConsoleOutput))
#36 C:\\Users\\zucks\\OneDrive\\Área de Trabalho\\OdontoFlow\\odontoflow\\backend\\vendor\\laravel\\framework\\src\\Illuminate\\Foundation\\Console\\Kernel.php(198): Symfony\\Component\\Console\\Application->run(Object(Symfony\\Component\\Console\\Input\\ArgvInput), Object(Symfony\\Component\\Console\\Output\\ConsoleOutput))
#37 C:\\Users\\zucks\\OneDrive\\Área de Trabalho\\OdontoFlow\\odontoflow\\backend\\artisan(12): Illuminate\\Foundation\\Console\\Kernel->handle(Object(Symfony\\Component\\Console\\Input\\ArgvInput), Object(Symfony\\Component\\Console\\Output\\ConsoleOutput))
#38 {main}
"} 
[2025-12-18 12:30:20] local.ERROR: The provided cwd "C:\Users\zucks\OneDrive\Área de Trabalho\OdontoFlow\odontoflow\backend\public" does not exist. {"exception":"[object] (Symfony\\Component\\Process\\Exception\\RuntimeException(code: 0): The provided cwd \"C:\\Users\\zucks\\OneDrive\\Área de Trabalho\\OdontoFlow\\odontoflow\\backend\\public\" does not exist. at C:\\Users\\zucks\\OneDrive\\Área de Trabalho\\OdontoFlow\\odontoflow\\backend\\vendor\\symfony\\process\\Process.php:347)
[stacktrace]
#0 C:\\Users\\zucks\\OneDrive\\Área de Trabalho\\OdontoFlow\\odontoflow\\backend\\vendor\\laravel\\framework\\src\\Illuminate\\Foundation\\Console\\ServeCommand.php(190): Symfony\\Component\\Process\\Process->start(Object(Closure))
#1 C:\\Users\\zucks\\OneDrive\\Área de Trabalho\\OdontoFlow\\odontoflow\\backend\\vendor\\laravel\\framework\\src\\Illuminate\\Foundation\\Console\\ServeCommand.php(129): Illuminate\\Foundation\\Console\\ServeCommand->startProcess(true)
#2 C:\\Users\\zucks\\OneDrive\\Área de Trabalho\\OdontoFlow\\odontoflow\\backend\\vendor\\laravel\\framework\\src\\Illuminate\\Container\\BoundMethod.php(36): Illuminate\\Foundation\\Console\\ServeCommand->handle()
#3 C:\\Users\\zucks\\OneDrive\\Área de Trabalho\\OdontoFlow\\odontoflow\\backend\\vendor\\laravel\\framework\\src\\Illuminate\\Container\\Util.php(43): Illuminate\\Container\\BoundMethod::Illuminate\\Container\\{closure}()
#4 C:\\Users\\zucks\\OneDrive\\Área de Trabalho\\OdontoFlow\\odontoflow\\backend\\vendor\\laravel\\framework\\src\\Illuminate\\Container\\BoundMethod.php(95): Illuminate\\Container\\Util::unwrapIfClosure(Object(Closure))
#5 C:\\Users\\zucks\\OneDrive\\Área de Trabalho\\OdontoFlow\\odontoflow\\backend\\vendor\\laravel\\framework\\src\\Illuminate\\Container\\BoundMethod.php(35): Illuminate\\Container\\BoundMethod::callBoundMethod(Object(Illuminate\\Foundation\\Application), Array, Object(Closure))
#6 C:\\Users\\zucks\\OneDrive\\Área de Trabalho\\OdontoFlow\\odontoflow\\backend\\vendor\\laravel\\framework\\src\\Illuminate\\Container\\Container.php(696): Illuminate\\Container\\BoundMethod::call(Object(Illuminate\\Foundation\\Application), Array, Array, NULL)
#7 C:\\Users\\zucks\\OneDrive\\Área de Trabalho\\OdontoFlow\\odontoflow\\backend\\vendor\\laravel\\framework\\src\\Illuminate\\Console\\Command.php(213): Illuminate\\Container\\Container->call(Array)
#8 C:\\Users\\zucks\\OneDrive\\Área de Trabalho\\OdontoFlow\\odontoflow\\backend\\vendor\\symfony\\console\\Command\\Command.php(341): Illuminate\\Console\\Command->execute(Object(Symfony\\Component\\Console\\Input\\ArgvInput), Object(Illuminate\\Console\\OutputStyle))
#9 C:\\Users\\zucks\\OneDrive\\Área de Trabalho\\OdontoFlow\\odontoflow\\backend\\vendor\\laravel\\framework\\src\\Illuminate\\Console\\Command.php(182): Symfony\\Component\\Console\\Command\\Command->run(Object(Symfony\\Component\\Console\\Input\\ArgvInput), Object(Illuminate\\Console\\OutputStyle))
#10 C:\\Users\\zucks\\OneDrive\\Área de Trabalho\\OdontoFlow\\odontoflow\\backend\\vendor\\symfony\\console\\Application.php(1102): Illuminate\\Console\\Command->run(Object(Symfony\\Component\\Console\\Input\\ArgvInput), Object(Symfony\\Component\\Console\\Output\\ConsoleOutput))
#11 C:\\Users\\zucks\\OneDrive\\Área de Trabalho\\OdontoFlow\\odontoflow\\backend\\vendor\\symfony\\console\\Application.php(356): Symfony\\Component\\Console\\Application->doRunCommand(Object(Illuminate\\Foundation\\Console\\ServeCommand), Object(Symfony\\Component\\Console\\Input\\ArgvInput), Object(Symfony\\Component\\Console\\Output\\ConsoleOutput))
#12 C:\\Users\\zucks\\OneDrive\\Área de Trabalho\\OdontoFlow\\odontoflow\\backend\\vendor\\symfony\\console\\Application.php(195): Symfony\\Component\\Console\\Application->doRun(Object(Symfony\\Component\\Console\\Input\\ArgvInput), Object(Symfony\\Component\\Console\\Output\\ConsoleOutput))
#13 C:\\Users\\zucks\\OneDrive\\Área de Trabalho\\OdontoFlow\\odontoflow\\backend\\vendor\\laravel\\framework\\src\\Illuminate\\Foundation\\Console\\Kernel.php(198): Symfony\\Component\\Console\\Application->run(Object(Symfony\\Component\\Console\\Input\\ArgvInput), Object(Symfony\\Component\\Console\\Output\\ConsoleOutput))
#14 C:\\Users\\zucks\\OneDrive\\Área de Trabalho\\OdontoFlow\\odontoflow\\backend\\artisan(12): Illuminate\\Foundation\\Console\\Kernel->handle(Object(Symfony\\Component\\Console\\Input\\ArgvInput), Object(Symfony\\Component\\Console\\Output\\ConsoleOutput))
#15 {main}
"} 
